<?xml version="1.0" encoding="UTF-8"?>
<!-- Generated by org.testng.reporters.JUnitReportReporter -->
<testsuite hostname="LAPTOP-U9C750LG" name="com.menon.Allison" tests="2" failures="0" timestamp="3 Jan 2023 06:21:38 GMT" time="0.015" errors="0">
  <testcase name="purchase" time="0.000" classname="com.menon.Allison"/>
  <testcase name="material" time="0.015" classname="com.menon.Allison"/>
</testsuite> <!-- com.menon.Allison -->
