<?xml version="1.0" encoding="UTF-8"?>
<!-- Generated by org.testng.reporters.JUnitReportReporter -->
<testsuite hostname="LAPTOP-U9C750LG" name="com.tsets.Test3" tests="2" failures="0" timestamp="2 Jan 2023 18:35:40 GMT" time="0.016" errors="0">
  <testcase name="nz" time="0.002" classname="com.tsets.Test3"/>
  <testcase name="ned" time="0.014" classname="com.tsets.Test3"/>
</testsuite> <!-- com.tsets.Test3 -->
