<?xml version="1.0" encoding="UTF-8"?>
<!-- Generated by org.testng.reporters.JUnitReportReporter -->
<testsuite hostname="LAPTOP-U9C750LG" name="com.menon.Cummins" tests="2" failures="0" timestamp="3 Jan 2023 06:20:36 GMT" time="0.063" errors="0">
  <testcase name="production" time="0.051" classname="com.menon.Cummins"/>
  <testcase name="quality" time="0.012" classname="com.menon.Cummins"/>
</testsuite> <!-- com.menon.Cummins -->
