<?xml version="1.0" encoding="UTF-8"?>
<!-- Generated by org.testng.reporters.JUnitReportReporter -->
<testsuite hostname="LAPTOP-U9C750LG" name="com.tsets.Test1" tests="2" failures="0" timestamp="4 Jan 2023 14:43:03 GMT" time="0.030" errors="0">
  <testcase name="afg" time="0.028" classname="com.tsets.Test1"/>
  <testcase name="wi" time="0.002" classname="com.tsets.Test1"/>
</testsuite> <!-- com.tsets.Test1 -->
