<?xml version="1.0" encoding="UTF-8"?>
<!-- Generated by org.testng.reporters.JUnitReportReporter -->
<testsuite hostname="LAPTOP-U9C750LG" name="com.tsets.Test2" tests="1" failures="0" timestamp="3 Jan 2023 10:19:49 GMT" time="0.025" errors="0">
  <testcase name="aus" time="0.025" classname="com.tsets.Test2"/>
</testsuite> <!-- com.tsets.Test2 -->
